[0.452s] Invoking command in '/home/t/391_project/ros2_ws/build/robot_bringup': DEBUGINFOD_URLS=https://debuginfod.ubuntu.com PYTHONPATH=/home/t/391_project/ros2_ws/build/robot_bringup/prefix_override:/usr/lib/python3/dist-packages/colcon_core/task/python/colcon_distutils_commands:/home/t/391_project/ros2_ws/install/robot_bringup/lib/python3.12/site-packages:${PYTHONPATH} /usr/bin/python3 -W ignore:setup.py install is deprecated -W ignore:easy_install command is deprecated setup.py develop --editable --build-directory /home/t/391_project/ros2_ws/build/robot_bringup/build --no-deps symlink_data
[0.616s] running develop
[0.703s] running egg_info
[0.703s] creating robot_bringup.egg-info
[0.712s] writing robot_bringup.egg-info/PKG-INFO
[0.712s] writing dependency_links to robot_bringup.egg-info/dependency_links.txt
[0.712s] writing entry points to robot_bringup.egg-info/entry_points.txt
[0.712s] writing requirements to robot_bringup.egg-info/requires.txt
[0.712s] writing top-level names to robot_bringup.egg-info/top_level.txt
[0.712s] writing manifest file 'robot_bringup.egg-info/SOURCES.txt'
[0.730s] reading manifest file 'robot_bringup.egg-info/SOURCES.txt'
[0.730s] writing manifest file 'robot_bringup.egg-info/SOURCES.txt'
[0.739s] running build_ext
[0.739s] Creating /home/t/391_project/ros2_ws/install/robot_bringup/lib/python3.12/site-packages/robot-bringup.egg-link (link to .)
[0.739s] Installing joystick_teleop script to /home/t/391_project/ros2_ws/install/robot_bringup/lib/robot_bringup
[0.740s] Installing serial_bridge script to /home/t/391_project/ros2_ws/install/robot_bringup/lib/robot_bringup
[0.740s] 
[0.740s] Installed /home/t/391_project/ros2_ws/build/robot_bringup
[0.740s] running symlink_data
[0.740s] creating /home/t/391_project/ros2_ws/install/robot_bringup/share/ament_index
[0.740s] creating /home/t/391_project/ros2_ws/install/robot_bringup/share/ament_index/resource_index
[0.740s] creating /home/t/391_project/ros2_ws/install/robot_bringup/share/ament_index/resource_index/packages
[0.740s] symbolically linking /home/t/391_project/ros2_ws/build/robot_bringup/resource/robot_bringup -> /home/t/391_project/ros2_ws/install/robot_bringup/share/ament_index/resource_index/packages
[0.740s] symbolically linking /home/t/391_project/ros2_ws/build/robot_bringup/package.xml -> /home/t/391_project/ros2_ws/install/robot_bringup/share/robot_bringup
[0.740s] creating /home/t/391_project/ros2_ws/install/robot_bringup/share/robot_bringup/launch
[0.740s] symbolically linking /home/t/391_project/ros2_ws/build/robot_bringup/launch/bringup.launch.py -> /home/t/391_project/ros2_ws/install/robot_bringup/share/robot_bringup/launch
[0.757s] Invoked command in '/home/t/391_project/ros2_ws/build/robot_bringup' returned '0': DEBUGINFOD_URLS=https://debuginfod.ubuntu.com PYTHONPATH=/home/t/391_project/ros2_ws/build/robot_bringup/prefix_override:/usr/lib/python3/dist-packages/colcon_core/task/python/colcon_distutils_commands:/home/t/391_project/ros2_ws/install/robot_bringup/lib/python3.12/site-packages:${PYTHONPATH} /usr/bin/python3 -W ignore:setup.py install is deprecated -W ignore:easy_install command is deprecated setup.py develop --editable --build-directory /home/t/391_project/ros2_ws/build/robot_bringup/build --no-deps symlink_data
